make.exe all --print-data-base --no-builtin-variables --no-builtin-rules --question
# GNU Make 3.82.90
# Built for i686-pc-mingw32
# Copyright (C) 1988-2012 Free Software Foundation, Inc.
# License GPLv3+: GNU GPL version 3 or later <http://gnu.org/licenses/gpl.html>
# This is free software: you are free to change and redistribute it.
# There is NO WARRANTY, to the extent permitted by law.

# Make data base, printed on Wed Aug 24 13:51:43 2022

# Variables

# automatic
<D = $(patsubst %/,%,$(patsubst %\,%,$(dir $<)))
# automatic
?F = $(notdir $?)
# default
.SHELLFLAGS := -c
# makefile
MAKEFLAGS = Rrp
# environment
VSCODE_LOG_NATIVE = false
# automatic
?D = $(patsubst %/,%,$(patsubst %\,%,$(dir $?)))
# environment
VISUALGDB_DIR = C:\Program Files (x86)\Sysprogs\VisualGDB\
# environment
PLATFORMIO_IDE = 2.5.2
# automatic
@D = $(patsubst %/,%,$(patsubst %\,%,$(dir $@)))
# environment
HOMEDRIVE = C:
# automatic
@F = $(notdir $@)
# automatic
^D = $(patsubst %/,%,$(patsubst %\,%,$(dir $^)))
# makefile
CURDIR := g:/EDA/ESP32_hotimage/hotimage_code
# default
SHELL := sh.exe
# environment
UGII_BASE_DIR = C:\Program Files\Siemens\NX 12.0
# environment
WINDIR = C:\Windows
# environment
VSCODE_NLS_CONFIG = {"locale":"zh-cn","availableLanguages":{"*":"zh-cn"},"_languagePackId":"42e84e0914b17800d483f69e299e1b00.zh-cn","_translationsConfigFile":"F:\\devtools\\VSCode\\Portable\\VSCode\\data\\clp\\42e84e0914b17800d483f69e299e1b00.zh-cn\\tcf.json","_cacheRoot":"F:\\devtools\\VSCode\\Portable\\VSCode\\data\\clp\\42e84e0914b17800d483f69e299e1b00.zh-cn","_resolvedLanguagePackCoreLocation":"F:\\devtools\\VSCode\\Portable\\VSCode\\data\\clp\\42e84e0914b17800d483f69e299e1b00.zh-cn\\c3511e6c69bb39013c4a4b7b9566ec1ca73fc4d5","_corruptedFile":"F:\\devtools\\VSCode\\Portable\\VSCode\\data\\clp\\42e84e0914b17800d483f69e299e1b00.zh-cn\\corrupted.info","_languagePackSupport":true}
# environment
ONEDRIVE = C:\Users\Hank\OneDrive
# environment
DEFAULT_PATH = Y:\jdk1.7.0_80\bin;C:\vnstudio\Scripts;C:\vnstudio\;C:\Program Files (x86)\VMware\VMware Workstation\bin\;C:\Users\Hank\AppData\Local\Programs\Python\Python39;C:\Windows\system32;C:\Windows;C:\Windows\System32\Wbem;C:\Windows\System32\WindowsPowerShell\v1.0\;C:\Windows\System32\OpenSSH\;C:\Program Files (x86)\NVIDIA Corporation\PhysX\Common;C:\Program Files\Git\cmd;C:\Program Files\nodejs\;C:\Program Files\Pandoc\;C:\Program Files\dotnet\;C:\Program Files (x86)\Windows Kits\8.1\Windows Performance Toolkit\;C:\Program Files\Microsoft SQL Server\120\Tools\Binn\;C:\Program Files\TortoiseGit\bin;C:\Program Files\Microsoft SQL Server\Client SDK\ODBC\170\Tools\Binn\;C:\Program Files (x86)\Microsoft SQL Server\150\Tools\Binn\;C:\Program Files\Microsoft SQL Server\150\Tools\Binn\;C:\Program Files\Microsoft SQL Server\150\DTS\Binn\;C:\Program Files\NVIDIA Corporation\NVIDIA NvDLISR;C:\Users\Hank\AppData\Local\Microsoft\WindowsApps;C:\Program Files\Bandizip\;C:\Users\Hank\AppData\Roaming\npm;C:\Users\Hank\AppData\Local\Programs\Fiddler;F:\devtools\PyCharm 2021.2.1\bin;
# environment
PATHEXT = .COM;.EXE;.BAT;.CMD;.VBS;.VBE;.JS;.JSE;.WSF;.WSH;.MSC
# makefile (from 'Makefile', line 1)
MAKEFILE_LIST :=  Makefile
# environment
FPS_BROWSER_USER_PROFILE_STRING = Default
# environment
TMP = C:\Users\Hank\AppData\Local\Temp
# environment
VSCODE_VERBOSE_LOGGING = true
# environment
PROGRAMW6432 = C:\Program Files
# environment
PROGRAMDATA = C:\ProgramData
# environment
VSCODE_IPC_HOOK_EXTHOST = \\.\pipe\vscode-ipc-4520e361-dcf3-41cf-ad58-079525b52cc0-sock
# environment
VSCODE_CWD = F:\devtools\VSCode\Portable
# environment
NO_PROXY = 127.0.0.1
# environment
SPLM_LICENSE_SERVER = 27800@DLUFMCA-5L3GT68
# environment
COMMONPROGRAMW6432 = C:\Program Files\Common Files
# environment
NIEXTCCOMPILERSUPP = C:\Program Files (x86)\National Instruments\Shared\ExternalCompilerSupport\C\
# environment
PROCESSOR_ARCHITECTURE = x86
# environment
USERPROFILE = C:\Users\Hank
# environment
ALLUSERSPROFILE = C:\ProgramData
# environment
VSCODE_LOG_STACK = false
# environment
NUMBER_OF_PROCESSORS = 4
# environment
ELECTRON_RUN_AS_NODE = 1
# default
.FEATURES := target-specific order-only second-expansion else-if shortest-stem undefine oneshell archives jobserver
# automatic
%F = $(notdir $%)
# environment
CHROME_CRASHPAD_PIPE_NAME = \\.\pipe\crashpad_3032_FXJHTMUCBADVQUYU
# environment
VSCODE_PIPE_LOGGING = true
# environment
COMPUTERNAME = YJHVMXJ-7J5LK61
# environment
PROGRAMFILES = C:\Program Files (x86)
# environment
DRIVERDATA = C:\Windows\System32\Drivers\DriverData
# environment
ASL.LOG = Destination=file
# environment
ORIGINAL_XDG_CURRENT_DESKTOP = undefined
# environment
USERNAME = Hank
# environment
PUBLIC = C:\Users\Public
# environment
VSCODE_AMD_ENTRYPOINT = vs/workbench/api/node/extensionHostProcess
# environment
VSCODE_CODE_CACHE_PATH = F:\devtools\VSCode\Portable\VSCode\data\CachedData\c3511e6c69bb39013c4a4b7b9566ec1ca73fc4d5
# environment
PORTABLEENV = F:\devtools\VSCode\Portable\VSCode\ENV_ARM
# environment
APPLICATION_INSIGHTS_NO_DIAGNOSTIC_CHANNEL = true
# environment
COMMONPROGRAMFILES = C:\Program Files (x86)\Common Files
# environment
LOGONSERVER = \\YJHVMXJ-7J5LK61
# environment
VSCODE_HANDLES_UNCAUGHT_ERRORS = true
# environment
USERDOMAIN = YJHVMXJ-7J5LK61
# environment
MAKELEVEL := 0
# environment
PLATFORMIO_PATH = C:\Users\Hank\.platformio\python3;F:\devtools\VSCode\Portable\VSCode\ENV_ARM\MinGW\bin\;F:\devtools\VSCode\Portable\VSCode\ENV_ARM\openocd\bin;F:\devtools\VSCode\Portable\VSCode\ENV_ARM\arm-none-eabi\bin;F:\devtools\VSCode\Portable\VSCode\ENV_ARM\Python27;F:\devtools\VSCode\Portable\VSCode\ENV_ARM\LLVM\bin;C:\Program Files\SEGGER\JLink;Y:\jdk1.7.0_80\bin;C:\vnstudio\Scripts;C:\vnstudio\;C:\Program Files (x86)\VMware\VMware Workstation\bin\;C:\Users\Hank\AppData\Local\Programs\Python\Python39;C:\Windows\system32;C:\Windows;C:\Windows\System32\Wbem;C:\Windows\System32\WindowsPowerShell\v1.0\;C:\Windows\System32\OpenSSH\;C:\Program Files (x86)\NVIDIA Corporation\PhysX\Common;C:\Program Files\Git\cmd;C:\Program Files\nodejs\;C:\Program Files\Pandoc\;C:\Program Files\dotnet\;C:\Program Files (x86)\Windows Kits\8.1\Windows Performance Toolkit\;C:\Program Files\Microsoft SQL Server\120\Tools\Binn\;C:\Program Files\TortoiseGit\bin;C:\Program Files\Microsoft SQL Server\Client SDK\ODBC\170\Tools\Binn\;C:\Program Files (x86)\Microsoft SQL Server\150\Tools\Binn\;C:\Program Files\Microsoft SQL Server\150\Tools\Binn\;C:\Program Files\Microsoft SQL Server\150\DTS\Binn\;C:\Program Files\NVIDIA Corporation\NVIDIA NvDLISR;C:\Users\Hank\AppData\Local\Microsoft\WindowsApps;C:\Program Files\Bandizip\;C:\Users\Hank\AppData\Roaming\npm;C:\Users\Hank\AppData\Local\Programs\Fiddler;F:\devtools\PyCharm 2021.2.1\bin;;F:\devtools\VSCode\Portable\VSCode\ENV_ARM\MinGW\bin\;F:\devtools\VSCode\Portable\VSCode\ENV_ARM\openocd\bin;F:\devtools\VSCode\Portable\VSCode\ENV_ARM\arm-none-eabi\bin;F:\devtools\VSCode\Portable\VSCode\ENV_ARM\Python27;F:\devtools\VSCode\Portable\VSCode\ENV_ARM\LLVM\bin;C:\Program Files\SEGGER\JLink;Y:\jdk1.7.0_80\bin;C:\vnstudio\Scripts;C:\vnstudio\;C:\Program Files (x86)\VMware\VMware Workstation\bin\;C:\Users\Hank\AppData\Local\Programs\Python\Python39;C:\Windows\system32;C:\Windows;C:\Windows\System32\Wbem;C:\Windows\System32\WindowsPowerShell\v1.0\;C:\Windows\System32\OpenSSH\;C:\Program Files (x86)\NVIDIA Corporation\PhysX\Common;C:\Program Files\Git\cmd;C:\Program Files\nodejs\;C:\Program Files\Pandoc\;C:\Program Files\dotnet\;C:\Program Files (x86)\Windows Kits\8.1\Windows Performance Toolkit\;C:\Program Files\Microsoft SQL Server\120\Tools\Binn\;C:\Program Files\TortoiseGit\bin;C:\Program Files\Microsoft SQL Server\Client SDK\ODBC\170\Tools\Binn\;C:\Program Files (x86)\Microsoft SQL Server\150\Tools\Binn\;C:\Program Files\Microsoft SQL Server\150\Tools\Binn\;C:\Program Files\Microsoft SQL Server\150\DTS\Binn\;C:\Program Files\NVIDIA Corporation\NVIDIA NvDLISR;C:\Users\Hank\AppData\Local\Microsoft\WindowsApps;C:\Program Files\Bandizip\;C:\Users\Hank\AppData\Roaming\npm;C:\Users\Hank\AppData\Local\Programs\Fiddler;F:\devtools\PyCharm 2021.2.1\bin;
# default
MAKE = $(MAKE_COMMAND)
# default
MAKECMDGOALS := all
# environment
PATH = F:\devtools\VSCode\Portable\VSCode\ENV_ARM\MinGW\bin\;F:\devtools\VSCode\Portable\VSCode\ENV_ARM\openocd\bin;F:\devtools\VSCode\Portable\VSCode\ENV_ARM\arm-none-eabi\bin;F:\devtools\VSCode\Portable\VSCode\ENV_ARM\Python27;F:\devtools\VSCode\Portable\VSCode\ENV_ARM\LLVM\bin;C:\Program Files\SEGGER\JLink;Y:\jdk1.7.0_80\bin;C:\vnstudio\Scripts;C:\vnstudio\;C:\Program Files (x86)\VMware\VMware Workstation\bin\;C:\Users\Hank\AppData\Local\Programs\Python\Python39;C:\Windows\system32;C:\Windows;C:\Windows\System32\Wbem;C:\Windows\System32\WindowsPowerShell\v1.0\;C:\Windows\System32\OpenSSH\;C:\Program Files (x86)\NVIDIA Corporation\PhysX\Common;C:\Program Files\Git\cmd;C:\Program Files\nodejs\;C:\Program Files\Pandoc\;C:\Program Files\dotnet\;C:\Program Files (x86)\Windows Kits\8.1\Windows Performance Toolkit\;C:\Program Files\Microsoft SQL Server\120\Tools\Binn\;C:\Program Files\TortoiseGit\bin;C:\Program Files\Microsoft SQL Server\Client SDK\ODBC\170\Tools\Binn\;C:\Program Files (x86)\Microsoft SQL Server\150\Tools\Binn\;C:\Program Files\Microsoft SQL Server\150\Tools\Binn\;C:\Program Files\Microsoft SQL Server\150\DTS\Binn\;C:\Program Files\NVIDIA Corporation\NVIDIA NvDLISR;C:\Users\Hank\AppData\Local\Microsoft\WindowsApps;C:\Program Files\Bandizip\;C:\Users\Hank\AppData\Roaming\npm;C:\Users\Hank\AppData\Local\Programs\Fiddler;F:\devtools\PyCharm 2021.2.1\bin;
# environment
UGII_LANG = simpl_chinese
# environment
JAVA_HOME = Y:\jre1.7.0_80
# environment
OMP_NUM_THREADS = 4
# default
MAKE_VERSION := 3.82.90
# makefile
.DEFAULT_GOAL := 
# environment
PROGRAMFILES(X86) = C:\Program Files (x86)
# automatic
%D = $(patsubst %/,%,$(patsubst %\,%,$(dir $%)))
# environment
LOCALAPPDATA = C:\Users\Hank\AppData\Local
# environment
PSMODULEPATH = C:\Program Files\WindowsPowerShell\Modules;C:\Windows\system32\WindowsPowerShell\v1.0\Modules;C:\Program Files (x86)\Microsoft SQL Server\150\Tools\PowerShell\Modules\
# default
MAKE_COMMAND := make.exe
# environment
PROCESSOR_ARCHITEW6432 = AMD64
# default
.VARIABLES := 
# automatic
*F = $(notdir $*)
# environment
PROCESSOR_IDENTIFIER = Intel64 Family 6 Model 58 Stepping 9, GenuineIntel
# environment
OS = Windows_NT
# environment
VSCODE_IPC_HOOK = \\.\pipe\9fca465b9d11f2fc0665dac75231ba14-1.67.2-main-sock
# environment
HOMEPATH = \Users\Hank
# environment
COMMONPROGRAMFILES(X86) = C:\Program Files (x86)\Common Files
# environment
PROMPT = $P$G
# environment
MFLAGS = -Rrp
# automatic
*D = $(patsubst %/,%,$(patsubst %\,%,$(dir $*)))
# environment
SYSTEMROOT = C:\Windows
# automatic
+D = $(patsubst %/,%,$(patsubst %\,%,$(dir $+)))
# automatic
+F = $(notdir $+)
# environment
APPDATA = C:\Users\Hank\AppData\Roaming
# environment
TEMP = C:\Users\Hank\AppData\Local\Temp
# environment
COMSPEC = C:\Windows\system32\cmd.exe
# default
MAKEFILES := 
# automatic
<F = $(notdir $<)
# environment
PLATFORMIO_CALLER = vscode
# makefile (from 'Makefile', line 6)
PROJECT_NAME := app_main
# environment
LC_ALL = C
# automatic
^F = $(notdir $^)
# default
SUFFIXES := 
# environment
SYSTEMDRIVE = C:
# environment
SESSIONNAME = Console
# environment
PROCESSOR_REVISION = 3a09
# environment
PYCHARM = F:\devtools\PyCharm 2021.2.1\bin;
# environment
VS140COMNTOOLS = C:\Program Files (x86)\Microsoft Visual Studio 14.0\Common7\Tools\
# environment
MOZ_PLUGIN_PATH = Z:\soft\CommonTools\FoxitReader\plugins\
# default
.RECIPEPREFIX := 
# environment
LANG = C
# environment
PROCESSOR_LEVEL = 6
# environment
FPS_BROWSER_APP_PROFILE_STRING = Internet Explorer
# environment
VSCODE_PID = 3032
# environment
VSCODEPATH = F:\devtools\VSCode\Portable\VSCode
# environment
USERDOMAIN_ROAMINGPROFILE = YJHVMXJ-7J5LK61
# variable set hash-table stats:
# Load=109/1024=11%, Rehash=0, Collisions=14/125=11%

# Pattern-specific Variable Values

# No pattern-specific variable values.

# Directories

# C:\Program Files\NVIDIA Corporation\NVIDIA NvDLISR (key C:/Program Files/NVIDIA Corporation/NVIDIA NvDLISR, mtime 1651370634): 5 files, no impossibilities.
# C:\Windows\System32\WindowsPowerShell\v1.0\ (key C:/Windows/System32/WindowsPowerShell/v1.0/, mtime 1625942170): 31 files, no impossibilities.
# . (key g:/EDA/ESP32_hotimage/hotimage_code, mtime 1661246998): 13 files, no impossibilities.
# C:\Program Files\Microsoft SQL Server\Client SDK\ODBC\170\Tools\Binn\ (key C:/Program Files/Microsoft SQL Server/Client SDK/ODBC/170/Tools/Binn/, mtime 1651241731): 6 files, no impossibilities.
# C:\Program Files\Microsoft SQL Server\150\Tools\Binn\ (key C:/Program Files/Microsoft SQL Server/150/Tools/Binn/, mtime 1651241705): 13 files, no impossibilities.
# C:\Program Files\Bandizip\ (key C:/Program Files/Bandizip/, mtime 1657339893): 21 files, no impossibilities.
# C:\Users\Hank\AppData\Roaming\npm (key C:/Users/Hank/AppData/Roaming/npm, mtime 1654576602): 15 files, no impossibilities.
# C:\Program Files\SEGGER\JLink (key C:/Program Files/SEGGER/JLink, mtime 1654171303): 45 files, no impossibilities.
# C:\Users\Hank\AppData\Local\Microsoft\WindowsApps (key C:/Users/Hank/AppData/Local/Microsoft/WindowsApps, mtime 1661049079): 13 files, no impossibilities.
# C:\Program Files\Git\cmd (key C:/Program Files/Git/cmd, mtime 1627259985): 8 files, no impossibilities.
# C:\Windows\System32\OpenSSH\: could not be stat'd.
# F:\devtools\VSCode\Portable\VSCode\ENV_ARM\arm-none-eabi\bin (key F:/devtools/VSCode/Portable/VSCode/ENV_ARM/arm-none-eabi/bin, mtime 1645688018): 33 files, no impossibilities.
# C:\Program Files\Pandoc\ (key C:/Program Files/Pandoc/, mtime 1628984959): 6 files, no impossibilities.
# C:\Program Files (x86)\NVIDIA Corporation\PhysX\Common (key C:/Program Files (x86)/NVIDIA Corporation/PhysX/Common, mtime 1651242008): 11 files, no impossibilities.
# F:\devtools\VSCode\Portable\VSCode\ENV_ARM\Python27 (key F:/devtools/VSCode/Portable/VSCode/ENV_ARM/Python27, mtime 1653717003): 17 files, no impossibilities.
# F:\devtools\VSCode\Portable\VSCode\ENV_ARM\LLVM\bin (key F:/devtools/VSCode/Portable/VSCode/ENV_ARM/LLVM/bin, mtime 1653719610): 109 files, no impossibilities.
# F:\devtools\VSCode\Portable\VSCode\ENV_ARM\openocd\bin (key F:/devtools/VSCode/Portable/VSCode/ENV_ARM/openocd/bin, mtime 1637274187): 7 files, no impossibilities.
# C:\Windows\System32\Wbem (key C:/Windows/System32/Wbem, mtime 1645842468): 171 files, no impossibilities.
# C:\Windows (key C:/Windows, mtime 1655261353): 116 files, no impossibilities.
# C:\Program Files (x86)\Windows Kits\8.1\Windows Performance Toolkit\ (key C:/Program Files (x86)/Windows Kits/8.1/Windows Performance Toolkit/, mtime 1651241820): 73 files, no impossibilities.
# C:\Program Files (x86)\Microsoft SQL Server\150\Tools\Binn\ (key C:/Program Files (x86)/Microsoft SQL Server/150/Tools/Binn/, mtime 1651241704): 11 files, no impossibilities.
# Y:\jdk1.7.0_80\bin: could not be stat'd.
# C:\Users\Hank\AppData\Local\Programs\Fiddler (key C:/Users/Hank/AppData/Local/Programs/Fiddler, mtime 1630369190): 44 files, no impossibilities.
# C:\Program Files\Microsoft SQL Server\150\DTS\Binn\ (key C:/Program Files/Microsoft SQL Server/150/DTS/Binn/, mtime 1651241731): 46 files, no impossibilities.
# C:\vnstudio\: could not be stat'd.
# C:\Program Files\nodejs\ (key C:/Program Files/nodejs/, mtime 1628166882): 11 files, no impossibilities.
# C:\Windows\system32 (key C:/Windows/system32, mtime 1661318576): 3182 files, no impossibilities.
# F:\devtools\VSCode\Portable\VSCode\ENV_ARM\MinGW\bin\ (key F:/devtools/VSCode/Portable/VSCode/ENV_ARM/MinGW/bin/, mtime 1654170614): 136 files, no impossibilities.
# C:\Program Files\TortoiseGit\bin (key C:/Program Files/TortoiseGit/bin, mtime 1648867231): 99 files, no impossibilities.
# C:\Program Files\Microsoft SQL Server\120\Tools\Binn\ (key C:/Program Files/Microsoft SQL Server/120/Tools/Binn/, mtime 1651880897): 4 files, no impossibilities.
# C:\Users\Hank\AppData\Local\Programs\Python\Python39 (key C:/Users/Hank/AppData/Local/Programs/Python/Python39, mtime 1631585925): 18 files, no impossibilities.
# F:\devtools\PyCharm 2021.2.1\bin (key F:/devtools/PyCharm 2021.2.1/bin, mtime 1631437642): 28 files, no impossibilities.
# C:\vnstudio\Scripts: could not be stat'd.
# C:\Program Files\dotnet\ (key C:/Program Files/dotnet/, mtime 1652620307): 8 files, no impossibilities.
# C:\Program Files (x86)\VMware\VMware Workstation\bin\ (key C:/Program Files (x86)/VMware/VMware Workstation/bin/, mtime 1631919077): 4 files, no impossibilities.

# 4304 files, no impossibilities in 35 directories.

# Implicit Rules

# No implicit rules.

# Files

# Not a target:
all:
#  Command line target.
#  Implicit rule search has not been done.
#  Modification time never checked.
#  File has not been updated.

# Not a target:
.SUFFIXES:
#  Implicit rule search has not been done.
#  Modification time never checked.
#  File has not been updated.

# Not a target:
Makefile:
#  Implicit rule search has not been done.
#  Last modified 2022-07-29 22:47:30
#  File has not been updated.

# Not a target:
.DEFAULT:
#  Implicit rule search has not been done.
#  Modification time never checked.
#  File has not been updated.

# Not a target:
/make/project.mk:
#  Implicit rule search has been done.
#  File does not exist.
#  File has not been updated.

# files hash-table stats:
# Load=5/1024=0%, Rehash=0, Collisions=0/16=0%
# VPATH Search Paths

# No 'vpath' search paths.

# No general ('VPATH' variable) search path.

# strcache buffers: 8 (7) / strings = 4118 / storage = 64164 B / avg = 15 B
# current buf: size = 8174 B / used = 7027 B / count = 369 / avg = 19 B
# other used: total = 55990 B / count = 3749 / avg = 14 B
# other  
Makefile:8: /make/project.mk: No such file or directory

free: total = 81 B / max = 16 B / min = 7 B / avg = 11 B

# strcache performance: lookups = 4346 / hit rate = 5%
# hash-table stats:
# Load=4118/8192=50%, Rehash=0, Collisions=1863/4346=43%
# Finished Make data base on Wed Aug 24 13:51:43 2022

 
make.exe: *** No rule to make target '/make/project.mk'.  Stop.

